<?xml version="1.0" encoding="UTF-8" ?>
<!-- This is a WordPress eXtended RSS file generated by WordPress as an export of your site. -->
<!-- It contains information about your site's posts, pages, comments, categories, and other content. -->
<!-- You may use this file to transfer that content from one site to another. -->
<!-- This file is not intended to serve as a complete backup of your site. -->

<!-- To import this information into a WordPress site follow these steps: -->
<!-- 1. Log in to that site as an administrator. -->
<!-- 2. Go to Tools: Import in the WordPress admin panel. -->
<!-- 3. Install the "WordPress" importer from the list. -->
<!-- 4. Activate & Run Importer. -->
<!-- 5. Upload this file using the form provided on that page. -->
<!-- 6. You will first be asked to map the authors in this export file to users -->
<!--    on the site. For each author, you may choose to map to an -->
<!--    existing user on the site or to create a new user. -->
<!-- 7. WordPress will then import each of the posts, pages, comments, categories, etc. -->
<!--    contained in this file into your site. -->

<!-- generator="WordPress/4.4.2" created="2016-04-13 12:35" -->
<rss version="2.0"
	xmlns:excerpt="http://wordpress.org/export/1.2/excerpt/"
	xmlns:content="http://purl.org/rss/1.0/modules/content/"
	xmlns:wfw="http://wellformedweb.org/CommentAPI/"
	xmlns:dc="http://purl.org/dc/elements/1.1/"
	xmlns:wp="http://wordpress.org/export/1.2/"
>

<channel>
	<title>TEST - Tous unis tous solidaires</title>
	<link>http://localhost/WordPress</link>
	<description>Un site utilisant WordPress</description>
	<pubDate>Wed, 13 Apr 2016 12:35:06 +0000</pubDate>
	<language>fr-FR</language>
	<wp:wxr_version>1.2</wp:wxr_version>
	<wp:base_site_url>http://localhost/WordPress</wp:base_site_url>
	<wp:base_blog_url>http://localhost/WordPress</wp:base_blog_url>

	<wp:author><wp:author_id>1</wp:author_id><wp:author_login><![CDATA[root]]></wp:author_login><wp:author_email><![CDATA[Reikonekoz@hotmail.com]]></wp:author_email><wp:author_display_name><![CDATA[root]]></wp:author_display_name><wp:author_first_name><![CDATA[]]></wp:author_first_name><wp:author_last_name><![CDATA[]]></wp:author_last_name></wp:author>

	<wp:category><wp:term_id>1</wp:term_id><wp:category_nicename><![CDATA[non-classe]]></wp:category_nicename><wp:category_parent><![CDATA[]]></wp:category_parent><wp:cat_name><![CDATA[Non classé]]></wp:cat_name></wp:category>

	<generator>https://wordpress.org/?v=4.4.2</generator>

	<item>
		<title>Bonjour tout le monde&#160;!</title>
		<link>http://localhost/WordPress/index.php/2016/04/12/bonjour-tout-le-monde/</link>
		<pubDate>Tue, 12 Apr 2016 13:26:48 +0000</pubDate>
		<dc:creator><![CDATA[root]]></dc:creator>
		<guid isPermaLink="false">http://localhost/WordPress/?p=1</guid>
		<description></description>
		<content:encoded><![CDATA[Bienvenue dans WordPress. Ceci est votre premier article. Modifiez-le ou supprimez-le, puis lancez-vous&nbsp;!]]></content:encoded>
		<excerpt:encoded><![CDATA[]]></excerpt:encoded>
		<wp:post_id>1</wp:post_id>
		<wp:post_date><![CDATA[2016-04-12 14:26:48]]></wp:post_date>
		<wp:post_date_gmt><![CDATA[2016-04-12 13:26:48]]></wp:post_date_gmt>
		<wp:comment_status><![CDATA[open]]></wp:comment_status>
		<wp:ping_status><![CDATA[open]]></wp:ping_status>
		<wp:post_name><![CDATA[bonjour-tout-le-monde]]></wp:post_name>
		<wp:status><![CDATA[publish]]></wp:status>
		<wp:post_parent>0</wp:post_parent>
		<wp:menu_order>0</wp:menu_order>
		<wp:post_type><![CDATA[post]]></wp:post_type>
		<wp:post_password><![CDATA[]]></wp:post_password>
		<wp:is_sticky>0</wp:is_sticky>
		<category domain="category" nicename="non-classe"><![CDATA[Non classé]]></category>
		<wp:comment>
			<wp:comment_id>1</wp:comment_id>
			<wp:comment_author><![CDATA[Monsieur WordPress]]></wp:comment_author>
			<wp:comment_author_email><![CDATA[]]></wp:comment_author_email>
			<wp:comment_author_url>https://wordpress.org/</wp:comment_author_url>
			<wp:comment_author_IP><![CDATA[]]></wp:comment_author_IP>
			<wp:comment_date><![CDATA[2016-04-12 14:26:48]]></wp:comment_date>
			<wp:comment_date_gmt><![CDATA[2016-04-12 13:26:48]]></wp:comment_date_gmt>
			<wp:comment_content><![CDATA[Bonjour, ceci est un commentaire.
Pour supprimer un commentaire, connectez-vous et affichez les commentaires de cet article. Vous pourrez alors les modifier ou les supprimer.]]></wp:comment_content>
			<wp:comment_approved><![CDATA[1]]></wp:comment_approved>
			<wp:comment_type><![CDATA[]]></wp:comment_type>
			<wp:comment_parent>0</wp:comment_parent>
			<wp:comment_user_id>0</wp:comment_user_id>
		</wp:comment>
	</item>
	<item>
		<title>Page d&#8217;exemple</title>
		<link>http://localhost/WordPress/index.php/page-d-exemple/</link>
		<pubDate>Tue, 12 Apr 2016 13:26:48 +0000</pubDate>
		<dc:creator><![CDATA[root]]></dc:creator>
		<guid isPermaLink="false">http://localhost/WordPress/?page_id=2</guid>
		<description></description>
		<content:encoded><![CDATA[Voici un exemple de page. Elle est différente d'un article de blog, en cela qu'elle restera à la même place, et s'affichera dans le menu de navigation de votre site (en fonction de votre thème). La plupart des gens commencent par écrire une page « À Propos » qui les présente aux visiteurs potentiels du site. Vous pourriez y écrire quelque chose de ce tenant :

<blockquote>Bonjour ! Je suis un mécanicien qui aspire à devenir un acteur, et voici mon blog. J'habite à Bordeaux, j'ai un super chien baptisé Russell, et j'aime la vodka-ananas (ainsi que regarder la pluie tomber).</blockquote>

...ou bien quelque chose comme ça :

<blockquote>La société 123 Machin Truc a été créée en 1971, et n'a cessé de proposer au public des machins-trucs de qualité depuis lors. Située à Saint-Remy-en-Bouzemont-Saint-Genest-et-Isson, 123 Machin Truc emploie 2 000 personnes, et fabrique toutes sortes de bidules super pour la communauté bouzemontoise.</blockquote>

Étant donné que vous êtes un nouvel utilisateur de WordPress, vous devriez vous rendre sur votre <a href="http://localhost/WordPress/wp-admin/">tableau de bord</a> pour effacer la présente page, et créer de nouvelles pages avec votre propre contenu. Amusez-vous bien !]]></content:encoded>
		<excerpt:encoded><![CDATA[]]></excerpt:encoded>
		<wp:post_id>2</wp:post_id>
		<wp:post_date><![CDATA[2016-04-12 14:26:48]]></wp:post_date>
		<wp:post_date_gmt><![CDATA[2016-04-12 13:26:48]]></wp:post_date_gmt>
		<wp:comment_status><![CDATA[closed]]></wp:comment_status>
		<wp:ping_status><![CDATA[open]]></wp:ping_status>
		<wp:post_name><![CDATA[page-d-exemple]]></wp:post_name>
		<wp:status><![CDATA[publish]]></wp:status>
		<wp:post_parent>0</wp:post_parent>
		<wp:menu_order>0</wp:menu_order>
		<wp:post_type><![CDATA[page]]></wp:post_type>
		<wp:post_password><![CDATA[]]></wp:post_password>
		<wp:is_sticky>0</wp:is_sticky>
		<wp:postmeta>
			<wp:meta_key><![CDATA[_wp_page_template]]></wp:meta_key>
			<wp:meta_value><![CDATA[default]]></wp:meta_value>
		</wp:postmeta>
	</item>
	<item>
		<title>Pré-Accueil</title>
		<link>http://localhost/WordPress/index.php/pre-accueil/</link>
		<pubDate>Tue, 12 Apr 2016 13:31:26 +0000</pubDate>
		<dc:creator><![CDATA[root]]></dc:creator>
		<guid isPermaLink="false">http://localhost/WordPress/?page_id=4</guid>
		<description></description>
		<content:encoded><![CDATA[Lorem ipsum dolor sit amet, consectetur adipiscing elit. Quisque eget nibh quis quam dictum congue. Suspendisse nec porta est, ac tincidunt turpis. Suspendisse porttitor sed metus sit amet pretium. Sed nec tincidunt nisl. Sed vulputate in orci sit amet blandit. Vestibulum sed pharetra dui. Sed viverra tempor justo, id consequat arcu tincidunt id. Fusce ac neque molestie, molestie turpis ac, vehicula eros. Aliquam eget sapien non mauris tincidunt molestie. Quisque et dolor tristique, mattis felis in, iaculis enim. Quisque ut urna vitae lacus fringilla mollis. Cras interdum vel libero at accumsan. Phasellus id metus, et accumsan metus.

Morbi lacinia auctor felis in suscipit. Sed faucibus ultrices velit a venenatis. Vestibulum sagittis nunc vitae tempus dapibus. Donec non rutrum sapien, eu pulvinar lorem. Suspendisse a efficitur justo, pretium vehicula odio. Curabitur ultrices euismod convallis. Nulla in purus ligula. Morbi eu laoreet ex, et gravida mauris. Interdum et malesuada fames ac ante ipsum primis in faucibus. Sed varius, augue vitae pretium suscipit, ex ex venenatis tellus, eu tempus leo nunc in diam. Ut molestie id velit quis elementum. Donec tristique nisi eu dignissim feugiat. Morbi ut ex massa. Fusce mollis eros vel ligula maximus, eget mattis neque posuere. Quisque eleifend libero a quam sagittis, ac sodales dui venenatis. Cras malesuada elit vel mi interdum, eu pulvinar est efficitur.

Quisque ut leo tellus. Maecenas suscipit diam non purus volutpat fringilla. Duis vel aliquet enim, in pretium libero. In hac habitasse platea dictumst. Ut in purus lorem. Nullam sit amet dui nec sem maximus rhoncus. Quisque non pellentesque massa. Nunc eget leo sed leo cursus tincidunt.

Aliquam sollicitudin, risus non luctus molestie, lorem ipsum auctor nibh, in facilisis elit mauris non lacus. Ut nec lacus dapibus, gravida dolor ut, tristique neque. Aenean ultrices purus id nulla porttitor vestibulum. Nunc posuere velit ex, nec facilisis arcu tincidunt ac. In convallis sapien quis dictum finibus. Ut ac nunc dolor. Donec placerat dui at nunc vulputate, et varius mauris ultricies. Donec vulputate mauris turpis, eu efficitur lectus imperdiet vestibulum. Nunc blandit mi vitae metus tincidunt luctus.

Sed quis malesuada nisl. Etiam dictum mauris in nibh hendrerit, ut maximus dui eleifend. Sed bibendum bibendum dolor, quis tristique dui fringilla sit amet. Maecenas elit ipsum, bibendum vel augue ac, efficitur mollis dui. In sagittis ligula ut enim tempor, id elementum enim malesuada. Morbi faucibus nulla mauris, in cursus lacus sollicitudin id. Praesent ut rutrum leo. Ut gravida mauris lorem, et auctor lectus euismod a. Maecenas accumsan nulla eget ipsum tristique luctus. Nam non malesuada sem, gravida euismod tellus. Vivamus ac efficitur odio, at consequat ipsum. Morbi ligula dui, varius sed magna et, maximus imperdiet nulla. In dapibus mollis est. Curabitur luctus venenatis auctor. Vivamus interdum vulputate augue, id feugiat turpis ornare non]]></content:encoded>
		<excerpt:encoded><![CDATA[]]></excerpt:encoded>
		<wp:post_id>4</wp:post_id>
		<wp:post_date><![CDATA[2016-04-12 14:31:26]]></wp:post_date>
		<wp:post_date_gmt><![CDATA[2016-04-12 13:31:26]]></wp:post_date_gmt>
		<wp:comment_status><![CDATA[closed]]></wp:comment_status>
		<wp:ping_status><![CDATA[closed]]></wp:ping_status>
		<wp:post_name><![CDATA[pre-accueil]]></wp:post_name>
		<wp:status><![CDATA[trash]]></wp:status>
		<wp:post_parent>0</wp:post_parent>
		<wp:menu_order>0</wp:menu_order>
		<wp:post_type><![CDATA[page]]></wp:post_type>
		<wp:post_password><![CDATA[]]></wp:post_password>
		<wp:is_sticky>0</wp:is_sticky>
		<wp:postmeta>
			<wp:meta_key><![CDATA[_edit_last]]></wp:meta_key>
			<wp:meta_value><![CDATA[1]]></wp:meta_value>
		</wp:postmeta>
		<wp:postmeta>
			<wp:meta_key><![CDATA[_wp_trash_meta_status]]></wp:meta_key>
			<wp:meta_value><![CDATA[publish]]></wp:meta_value>
		</wp:postmeta>
		<wp:postmeta>
			<wp:meta_key><![CDATA[_wp_trash_meta_time]]></wp:meta_key>
			<wp:meta_value><![CDATA[1460472880]]></wp:meta_value>
		</wp:postmeta>
	</item>
	<item>
		<title>Pré-Accueil</title>
		<link>http://localhost/WordPress/</link>
		<pubDate>Tue, 12 Apr 2016 14:24:07 +0000</pubDate>
		<dc:creator><![CDATA[root]]></dc:creator>
		<guid isPermaLink="false">http://localhost/WordPress/?page_id=10</guid>
		<description></description>
		<content:encoded><![CDATA[&nbsp;

<img class="wp-image-27 aligncenter" src="http://localhost/WordPress/wp-content/uploads/2016/04/arton950.png" alt="TLTS-logo" width="177" height="175" />

Lorem ipsum dolor sit amet, consectetur adipiscing elit. Quisque eget nibh quis quam dictum congue. Suspendisse nec porta est, ac tincidunt turpis. Suspendisse porttitor sed metus sit amet pretium. Sed nec tincidunt nisl. Sed vulputate in orci sit amet blandit. Vestibulum sed pharetra dui. Sed viverra tempor justo, id consequat arcu tincidunt id. Fusce ac neque molestie, molestie turpis ac, vehicula eros. Aliquam eget sapien non mauris tincidunt molestie. Quisque et dolor tristique, mattis felis in, iaculis enim. Quisque ut urna vitae lacus fringilla mollis. Cras interdum vel libero at accumsan. Phasellus id pulvinar metus, et accumsan metus.

Morbi lacinia auctor felis in suscipit. Sed faucibus ultrices velit a venenatis. Vestibulum sagittis nunc vitae tempus dapibus. Donec non rutrum sapien, eu pulvinar lorem. Suspendisse a efficitur justo, pretium vehicula odio. Curabitur ultrices euismod convallis. Nulla in purus ligula. Morbi eu laoreet ex, et gravida mauris. Interdum et malesuada fames ac ante ipsum primis in faucibus. Sed varius, augue vitae pretium suscipit, ex ex venenatis tellus, eu tempus leo nunc in diam. Ut molestie id velit quis elementum. Donec tristique nisi eu dignissim feugiat. Morbi ut ex massa. Fusce mollis eros vel ligula maximus, eget mattis neque posuere. Quisque eleifend libero a quam sagittis, ac sodales dui venenatis. Cras malesuada elit vel mi interdum, eu pulvinar est efficitur.

Quisque ut leo tellus. Maecenas suscipit diam non purus volutpat fringilla. Duis vel aliquet enim, in pretium libero. In hac habitasse platea dictumst. Ut in purus lorem. Nullam sit amet dui nec sem maximus rhoncus. Quisque non pellentesque massa. Nunc eget leo sed leo cursus tincidunt.

Aliquam sollicitudin, risus non luctus molestie, lorem ipsum auctor nibh, in facilisis elit mauris non lacus. Ut nec lacus dapibus, gravida dolor ut, tristique neque. Aenean ultrices purus id nulla porttitor vestibulum. Nunc posuere velit ex, nec facilisis arcu tincidunt ac. In convallis sapien quis dictum finibus. Ut ac nunc dolor. Donec placerat dui at nunc vulputate, et varius mauris ultricies. Donec vulputate mauris turpis, eu efficitur lectus imperdiet vestibulum. Nunc blandit mi vitae metus tincidunt luctus.

Sed quis malesuada nisl. Etiam dictum mauris in nibh hendrerit, ut maximus dui eleifend. Sed bibendum bibendum dolor, quis tristique dui fringilla sit amet. Maecenas elit ipsum, bibendum vel augue ac, efficitur mollis dui. In sagittis ligula ut enim tempor, id elementum enim malesuada. Morbi faucibus nulla mauris, in cursus lacus sollicitudin id. Praesent ut rutrum leo. Ut gravida mauris lorem, et auctor lectus euismod a. Maecenas accumsan nulla eget ipsum tristique luctus. Nam non malesuada sem, gravida euismod tellus. Vivamus ac efficitur odio, at consequat ipsum. Morbi ligula dui, varius sed magna et, maximus imperdiet nulla. In dapibus mollis est. Curabitur luctus venenatis auctor. Vivamus interdum vulputate augue, id feugiat turpis ornare non
<div class="well text-center">Si vous souhaitez nous rejoindre dans le projet, pensez à renseigner votre mail !</div>]]></content:encoded>
		<excerpt:encoded><![CDATA[]]></excerpt:encoded>
		<wp:post_id>10</wp:post_id>
		<wp:post_date><![CDATA[2016-04-12 15:24:07]]></wp:post_date>
		<wp:post_date_gmt><![CDATA[2016-04-12 14:24:07]]></wp:post_date_gmt>
		<wp:comment_status><![CDATA[closed]]></wp:comment_status>
		<wp:ping_status><![CDATA[closed]]></wp:ping_status>
		<wp:post_name><![CDATA[10-2]]></wp:post_name>
		<wp:status><![CDATA[publish]]></wp:status>
		<wp:post_parent>0</wp:post_parent>
		<wp:menu_order>0</wp:menu_order>
		<wp:post_type><![CDATA[page]]></wp:post_type>
		<wp:post_password><![CDATA[]]></wp:post_password>
		<wp:is_sticky>0</wp:is_sticky>
		<wp:postmeta>
			<wp:meta_key><![CDATA[_edit_last]]></wp:meta_key>
			<wp:meta_value><![CDATA[1]]></wp:meta_value>
		</wp:postmeta>
		<wp:postmeta>
			<wp:meta_key><![CDATA[_wp_page_template]]></wp:meta_key>
			<wp:meta_value><![CDATA[vitrine.php]]></wp:meta_value>
		</wp:postmeta>
	</item>
	<item>
		<title>TLTS-logo</title>
		<link>http://localhost/WordPress/index.php/10-2/arton950/</link>
		<pubDate>Wed, 13 Apr 2016 10:29:48 +0000</pubDate>
		<dc:creator><![CDATA[root]]></dc:creator>
		<guid isPermaLink="false">http://localhost/WordPress/wp-content/uploads/2016/04/arton950.png</guid>
		<description></description>
		<content:encoded><![CDATA[]]></content:encoded>
		<excerpt:encoded><![CDATA[]]></excerpt:encoded>
		<wp:post_id>27</wp:post_id>
		<wp:post_date><![CDATA[2016-04-13 11:29:48]]></wp:post_date>
		<wp:post_date_gmt><![CDATA[2016-04-13 10:29:48]]></wp:post_date_gmt>
		<wp:comment_status><![CDATA[open]]></wp:comment_status>
		<wp:ping_status><![CDATA[closed]]></wp:ping_status>
		<wp:post_name><![CDATA[arton950]]></wp:post_name>
		<wp:status><![CDATA[inherit]]></wp:status>
		<wp:post_parent>10</wp:post_parent>
		<wp:menu_order>0</wp:menu_order>
		<wp:post_type><![CDATA[attachment]]></wp:post_type>
		<wp:post_password><![CDATA[]]></wp:post_password>
		<wp:is_sticky>0</wp:is_sticky>
		<wp:attachment_url><![CDATA[http://localhost/WordPress/wp-content/uploads/2016/04/arton950.png]]></wp:attachment_url>
		<wp:postmeta>
			<wp:meta_key><![CDATA[_wp_attached_file]]></wp:meta_key>
			<wp:meta_value><![CDATA[2016/04/arton950.png]]></wp:meta_value>
		</wp:postmeta>
		<wp:postmeta>
			<wp:meta_key><![CDATA[_wp_attachment_metadata]]></wp:meta_key>
			<wp:meta_value><![CDATA[a:5:{s:5:"width";i:239;s:6:"height";i:236;s:4:"file";s:20:"2016/04/arton950.png";s:5:"sizes";a:1:{s:9:"thumbnail";a:4:{s:4:"file";s:20:"arton950-150x150.png";s:5:"width";i:150;s:6:"height";i:150;s:9:"mime-type";s:9:"image/png";}}s:10:"image_meta";a:12:{s:8:"aperture";s:1:"0";s:6:"credit";s:0:"";s:6:"camera";s:0:"";s:7:"caption";s:0:"";s:17:"created_timestamp";s:1:"0";s:9:"copyright";s:0:"";s:12:"focal_length";s:1:"0";s:3:"iso";s:1:"0";s:13:"shutter_speed";s:1:"0";s:5:"title";s:0:"";s:11:"orientation";s:1:"0";s:8:"keywords";a:0:{}}}]]></wp:meta_value>
		</wp:postmeta>
	</item>
</channel>
</rss>
